[21/Jan/2016 03:06:22] "GET /ols/p/20383886/ HTTP/1.0" 200 2753
[21/Jan/2016 03:06:36] "GET /ols/p/20383886/ HTTP/1.0" 200 2753
[21/Jan/2016 03:06:37] "GET /ols/p/20383886/ HTTP/1.0" 200 2753
[21/Jan/2016 03:06:39] "GET /ols/standings/ HTTP/1.0" 200 5857
[21/Jan/2016 03:06:51] "GET /ols/t/20/ HTTP/1.0" 200 5066
[21/Jan/2016 03:11:04] "GET /ols/p/22373226/ HTTP/1.0" 200 2582
/usr/local/lib/python3.5/site-packages/django_tables2-1.1.0-py3.5.egg/django_tables2/templatetags/django_tables2.py:155: RemovedInDjango110Warning: render() must be called with a dict, not a RequestContext.

[21/Jan/2016 03:17:58] "GET /ols/stats/ HTTP/1.0" 200 104100
[21/Jan/2016 03:18:02] "GET /ols/stats/?sort=fantasy HTTP/1.0" 200 104100
[21/Jan/2016 03:18:04] "GET /ols/stats/?sort=-fantasy HTTP/1.0" 200 104100
[21/Jan/2016 03:19:33] "GET /ols/schedule/ HTTP/1.0" 200 20630
[21/Jan/2016 03:19:41] "GET /ols/stats/ HTTP/1.0" 200 104100
Not Found: /ols/p/32382859
[21/Jan/2016 03:45:25] "GET /ols/p/32382859 HTTP/1.0" 301 0
[21/Jan/2016 03:45:25] "GET /ols/p/32382859/ HTTP/1.0" 200 2575
Not Found: /favicon.ico
[21/Jan/2016 03:52:09] "GET /favicon.ico HTTP/1.0" 404 7051
[21/Jan/2016 03:57:24] "GET / HTTP/1.0" 200 2348
[21/Jan/2016 04:09:55] "GET / HTTP/1.0" 200 2348
Not Found: /favicon.ico
[21/Jan/2016 04:09:56] "GET /favicon.ico HTTP/1.0" 404 7051
Not Found: /favicon.ico
[21/Jan/2016 04:09:56] "GET /favicon.ico HTTP/1.0" 404 7051
[21/Jan/2016 04:10:08] "GET /ols/standings/ HTTP/1.0" 200 5857
[21/Jan/2016 04:10:09] "GET /ols/schedule/ HTTP/1.0" 200 18696
[21/Jan/2016 04:10:11] "GET /ols/stats/ HTTP/1.0" 200 104100
[21/Jan/2016 04:46:21] "GET /ols/ HTTP/1.0" 200 2348
[21/Jan/2016 04:46:27] "GET /ols/standings/ HTTP/1.0" 200 5857
Not Found: /ols/p/50010448
[21/Jan/2016 05:01:12] "GET /ols/p/50010448 HTTP/1.0" 301 0
[21/Jan/2016 05:01:13] "GET /ols/p/50010448/ HTTP/1.0" 200 28
[21/Jan/2016 05:03:59] "GET /ols/stats/ HTTP/1.0" 200 104100
[21/Jan/2016 05:06:19] "GET /ols/stats/?sort=multis HTTP/1.0" 200 104100
[21/Jan/2016 05:06:22] "GET /ols/stats/?sort=-multis HTTP/1.0" 200 104100
[21/Jan/2016 05:06:25] "GET /ols/stats/?sort=creeps HTTP/1.0" 200 104100
[21/Jan/2016 05:09:25] "GET /ols/standings/ HTTP/1.0" 200 5857
[21/Jan/2016 05:09:26] "GET /ols/schedule/ HTTP/1.0" 200 18696
[21/Jan/2016 05:10:24] "GET /ols/ HTTP/1.0" 200 2348
Not Found: /robots.txt
[21/Jan/2016 05:15:26] "GET /robots.txt HTTP/1.0" 404 7048
[21/Jan/2016 05:15:33] "GET / HTTP/1.0" 200 2348
[21/Jan/2016 05:27:20] "GET / HTTP/1.0" 200 2348
Not Found: /testproxy.php
[21/Jan/2016 05:49:56] "GET /testproxy.php HTTP/1.0" 404 7057
Not Found: /oauth2callback
[21/Jan/2016 06:15:43] "GET /oauth2callback HTTP/1.0" 404 7060
Not Found: /ols/p/69269278
[21/Jan/2016 06:16:59] "GET /ols/p/69269278 HTTP/1.0" 301 0
Not Found: /ols/p/30242637
[21/Jan/2016 07:32:46] "GET /ols/p/30242637 HTTP/1.0" 301 0
[21/Jan/2016 07:32:47] "GET /ols/p/30242637/ HTTP/1.0" 200 28
[21/Jan/2016 07:55:16] "GET / HTTP/1.0" 200 2348
Not Found: /favicon.ico
[21/Jan/2016 07:55:16] "GET /favicon.ico HTTP/1.0" 404 7051
[21/Jan/2016 08:01:37] "GET / HTTP/1.0" 200 2348
[21/Jan/2016 08:01:38] "GET / HTTP/1.0" 200 2348
Not Found: /favicon.ico
[21/Jan/2016 08:01:38] "GET /favicon.ico HTTP/1.0" 404 7051
[21/Jan/2016 08:01:41] "GET /ols/stats/ HTTP/1.0" 200 104100
[21/Jan/2016 08:02:03] "GET /ols/stats/?sort=gold HTTP/1.0" 200 104100
[21/Jan/2016 08:02:05] "GET /ols/stats/?sort=-gold HTTP/1.0" 200 104100
[21/Jan/2016 08:02:45] "GET /ols/stats/?sort=creeps HTTP/1.0" 200 104100
[21/Jan/2016 08:02:47] "GET /ols/stats/?sort=-creeps HTTP/1.0" 200 104100
[21/Jan/2016 08:03:29] "GET /ols/stats/?sort=kda HTTP/1.0" 200 104100
[21/Jan/2016 08:03:30] "GET /ols/stats/?sort=-kda HTTP/1.0" 200 104100
Not Found: /ols/p/21542865
[21/Jan/2016 08:48:33] "GET /ols/p/21542865 HTTP/1.0" 301 0
[21/Jan/2016 08:48:34] "GET /ols/p/21542865/ HTTP/1.0" 200 2589
[21/Jan/2016 08:53:07] "GET /ols/standings/ HTTP/1.0" 200 5857
[21/Jan/2016 08:53:08] "GET /ols/stats/ HTTP/1.0" 200 104100
[21/Jan/2016 08:53:17] "GET /ols/schedule/ HTTP/1.0" 200 18696
Not Found: /myadmin/scripts/setup.php
[21/Jan/2016 09:30:26] "GET /myadmin/scripts/setup.php HTTP/1.0" 404 7075
[21/Jan/2016 09:32:06] "GET /ols/ HTTP/1.0" 200 2348
[21/Jan/2016 09:32:13] "GET /ols/stats/ HTTP/1.0" 200 104100
[21/Jan/2016 09:36:24] "GET /ols/stats/?sort=kda HTTP/1.0" 200 104100
[21/Jan/2016 09:36:26] "GET /ols/stats/?sort=-kda HTTP/1.0" 200 104100
[21/Jan/2016 09:46:02] "GET /ols/stats/?sort=-kda HTTP/1.0" 200 104100
[21/Jan/2016 09:46:03] "GET /ols/stats/?sort=-kda HTTP/1.0" 200 104100
[21/Jan/2016 09:47:04] "GET /ols/stats/?sort=-kda HTTP/1.0" 200 104100
[21/Jan/2016 09:47:13] "GET /ols/stats/?sort=-kda HTTP/1.0" 200 104100
Not Found: /favicon.ico
[21/Jan/2016 09:47:14] "GET /favicon.ico HTTP/1.0" 404 7051
[21/Jan/2016 09:50:29] "GET / HTTP/1.0" 200 2348
/usr/local/lib/python3.5/site-packages/django/template/defaulttags.py:499: RemovedInDjango110Warning: Reversing by dotted path is deprecated (django.contrib.auth.views.login).
  url = reverse(view_name, args=args, kwargs=kwargs, current_app=current_app)

[21/Jan/2016 09:50:33] "GET /accounts/login/ HTTP/1.0" 200 2609
[21/Jan/2016 09:50:42] "POST /login/ HTTP/1.0" 302 0
[21/Jan/2016 09:50:43] "GET /ols/schedule/ HTTP/1.0" 200 20630
Not Found: /ols/t/21
[21/Jan/2016 09:50:51] "GET /ols/t/21 HTTP/1.0" 301 0
[21/Jan/2016 09:50:55] "GET /ols/t/21/ HTTP/1.0" 200 5111
Not Found: /ols/p/39941122
[21/Jan/2016 09:52:41] "GET /ols/p/39941122 HTTP/1.0" 301 0
[21/Jan/2016 09:52:41] "GET /ols/p/39941122/ HTTP/1.0" 200 2589
[21/Jan/2016 09:52:47] "GET /ols/m/3/ HTTP/1.0" 200 3769
Not Found: /ols/p/28795053
[21/Jan/2016 09:53:24] "GET /ols/p/28795053 HTTP/1.0" 301 0
[21/Jan/2016 09:53:24] "GET /ols/p/28795053/ HTTP/1.0" 200 2582
[21/Jan/2016 09:53:29] "GET /ols/m/2/ HTTP/1.0" 200 3762
[21/Jan/2016 09:58:58] "GET /ols/schedule/ HTTP/1.0" 200 18696
Not Found: /favicon.ico
[21/Jan/2016 09:58:59] "GET /favicon.ico HTTP/1.0" 404 7051
Not Found: /ols/t/14
[21/Jan/2016 09:59:19] "GET /ols/t/14 HTTP/1.0" 301 0
[21/Jan/2016 09:59:19] "GET /ols/t/14/ HTTP/1.0" 200 3384
[21/Jan/2016 09:59:21] "GET /accounts/login/ HTTP/1.0" 200 2609
[21/Jan/2016 09:59:25] "POST /login/ HTTP/1.0" 200 2693
[21/Jan/2016 09:59:30] "POST /login/ HTTP/1.0" 200 2693
[21/Jan/2016 09:59:38] "POST /login/ HTTP/1.0" 200 2696
[21/Jan/2016 09:59:45] "GET /ols/standings/ HTTP/1.0" 200 5857
[21/Jan/2016 09:59:55] "GET /ols/schedule/ HTTP/1.0" 200 18696
[21/Jan/2016 09:59:58] "GET /ols/stats/ HTTP/1.0" 200 104100
[21/Jan/2016 10:00:04] "GET /ols/stats/?sort=-team HTTP/1.0" 200 104100
[21/Jan/2016 10:00:05] "GET /ols/stats/?sort=team HTTP/1.0" 200 104100
[21/Jan/2016 10:00:56] "GET /ols/stats/?sort=partic HTTP/1.0" 200 104100
[21/Jan/2016 10:00:57] "GET /ols/stats/?sort=-partic HTTP/1.0" 200 104100
[21/Jan/2016 10:01:07] "GET /ols/stats/?sort=crit HTTP/1.0" 200 104100
[21/Jan/2016 10:01:09] "GET /ols/stats/?sort=multis HTTP/1.0" 200 104100
[21/Jan/2016 10:01:10] "GET /ols/stats/?sort=-multis HTTP/1.0" 200 104100
Not Found: /ols/p/56371957
[21/Jan/2016 10:04:20] "GET /ols/p/56371957 HTTP/1.0" 301 0
[21/Jan/2016 10:04:20] "GET /ols/p/56371957/ HTTP/1.0" 200 2566
Not Found: //phpMyAdmin/scripts/setup.php
[21/Jan/2016 10:07:18] "GET //phpMyAdmin/scripts/setup.php HTTP/1.0" 404 7099
Not Found: //phpmyadmin/scripts/setup.php
[21/Jan/2016 10:07:19] "GET //phpmyadmin/scripts/setup.php HTTP/1.0" 404 7099
Not Found: //pma/scripts/setup.php
[21/Jan/2016 10:07:20] "GET //pma/scripts/setup.php HTTP/1.0" 404 7078
Not Found: //myadmin/scripts/setup.php
[21/Jan/2016 10:07:21] "GET //myadmin/scripts/setup.php HTTP/1.0" 404 7090
Not Found: //MyAdmin/scripts/setup.php
[21/Jan/2016 10:07:23] "GET //MyAdmin/scripts/setup.php HTTP/1.0" 404 7090
Not Found: /muieblackcat
[21/Jan/2016 10:10:10] "GET /muieblackcat HTTP/1.0" 404 7048
Not Found: //phpMyAdmin/scripts/setup.php
[21/Jan/2016 10:10:13] "GET //phpMyAdmin/scripts/setup.php HTTP/1.0" 404 7099
Not Found: //phpmyadmin/scripts/setup.php
[21/Jan/2016 10:10:14] "GET //phpmyadmin/scripts/setup.php HTTP/1.0" 404 7099
Not Found: //pma/scripts/setup.php
[21/Jan/2016 10:10:17] "GET //pma/scripts/setup.php HTTP/1.0" 404 7078
Not Found: //myadmin/scripts/setup.php
[21/Jan/2016 10:10:18] "GET //myadmin/scripts/setup.php HTTP/1.0" 404 7090
Not Found: //MyAdmin/scripts/setup.php
